2021-11-05 10:25:23 INFO  Login 79 - extent html report configured
2021-11-05 10:25:24 INFO  Login 46 - Chromedriver setup is complete
2021-11-05 10:25:31 INFO  Login 63 - Launching app: https://login.salesforce.com
2021-11-05 10:25:39 INFO  Login 56 - extent report flushed
2021-11-05 10:33:16 INFO  Login 79 - extent html report configured
2021-11-05 10:33:17 INFO  Login 46 - Chromedriver setup is complete
2021-11-05 10:33:24 INFO  Login 63 - Launching app: https://login.salesforce.com
2021-11-05 10:33:31 INFO  Login 56 - extent report flushed
2021-11-05 10:33:55 INFO  Login 79 - extent html report configured
2021-11-05 10:33:55 INFO  Login 46 - Chromedriver setup is complete
2021-11-05 10:34:00 INFO  Login 49 - Chromedriver headless mode configured
2021-11-05 10:34:02 INFO  Login 63 - Launching app: https://login.salesforce.com
2021-11-05 10:34:08 INFO  Login 56 - extent report flushed
2021-11-05 10:37:12 INFO  Login 79 - extent html report configured
2021-11-05 10:37:13 INFO  Login 46 - Chromedriver setup is complete
2021-11-05 10:37:17 INFO  Login 49 - Chromedriver headless mode configured
2021-11-05 10:37:19 INFO  Login 70 - Launching app: https://login.salesforce.com
2021-11-05 10:37:25 INFO  Login 62 - Total time taken: 12627
2021-11-05 10:37:25 INFO  Login 63 - extent report flushed
2021-11-05 10:38:04 INFO  Login 79 - extent html report configured
2021-11-05 10:38:05 INFO  Login 46 - Chromedriver setup is complete
2021-11-05 10:38:13 INFO  Login 70 - Launching app: https://login.salesforce.com
2021-11-05 10:38:19 INFO  Login 62 - Total time taken: 14339
2021-11-05 10:38:19 INFO  Login 63 - extent report flushed
